{"C:\\Users\\karth\\Downloads\\project files\\dashboard\\src\\components\\Arm3DViewer.jsx": {"path":"C:\\Users\\karth\\Downloads\\project files\\dashboard\\src\\components\\Arm3DViewer.jsx","statementMap":{"0":{"start":{"line":5,"column":19},"end":{"line":5,"column":null}},"1":{"start":{"line":6,"column":19},"end":{"line":6,"column":null}},"2":{"start":{"line":7,"column":22},"end":{"line":7,"column":null}},"3":{"start":{"line":8,"column":26},"end":{"line":8,"column":null}},"4":{"start":{"line":9,"column":24},"end":{"line":9,"column":null}},"5":{"start":{"line":10,"column":26},"end":{"line":10,"column":null}},"6":{"start":{"line":11,"column":23},"end":{"line":11,"column":null}},"7":{"start":{"line":12,"column":22},"end":{"line":12,"column":null}},"8":{"start":{"line":14,"column":2},"end":{"line":235,"column":null}},"9":{"start":{"line":15,"column":22},"end":{"line":15,"column":null}},"10":{"start":{"line":16,"column":4},"end":{"line":16,"column":null}},"11":{"start":{"line":16,"column":20},"end":{"line":16,"column":null}},"12":{"start":{"line":18,"column":16},"end":{"line":18,"column":null}},"13":{"start":{"line":19,"column":17},"end":{"line":19,"column":null}},"14":{"start":{"line":22,"column":18},"end":{"line":22,"column":null}},"15":{"start":{"line":23,"column":4},"end":{"line":23,"column":null}},"16":{"start":{"line":24,"column":4},"end":{"line":24,"column":null}},"17":{"start":{"line":27,"column":19},"end":{"line":27,"column":null}},"18":{"start":{"line":28,"column":4},"end":{"line":28,"column":null}},"19":{"start":{"line":29,"column":4},"end":{"line":29,"column":null}},"20":{"start":{"line":31,"column":21},"end":{"line":31,"column":null}},"21":{"start":{"line":32,"column":4},"end":{"line":32,"column":null}},"22":{"start":{"line":33,"column":4},"end":{"line":33,"column":null}},"23":{"start":{"line":35,"column":4},"end":{"line":35,"column":null}},"24":{"start":{"line":38,"column":25},"end":{"line":38,"column":null}},"25":{"start":{"line":39,"column":4},"end":{"line":39,"column":null}},"26":{"start":{"line":41,"column":21},"end":{"line":41,"column":null}},"27":{"start":{"line":42,"column":4},"end":{"line":42,"column":null}},"28":{"start":{"line":43,"column":4},"end":{"line":43,"column":null}},"29":{"start":{"line":45,"column":22},"end":{"line":45,"column":null}},"30":{"start":{"line":46,"column":4},"end":{"line":46,"column":null}},"31":{"start":{"line":47,"column":4},"end":{"line":47,"column":null}},"32":{"start":{"line":49,"column":21},"end":{"line":49,"column":null}},"33":{"start":{"line":50,"column":4},"end":{"line":50,"column":null}},"34":{"start":{"line":51,"column":4},"end":{"line":51,"column":null}},"35":{"start":{"line":54,"column":23},"end":{"line":54,"column":null}},"36":{"start":{"line":55,"column":4},"end":{"line":55,"column":null}},"37":{"start":{"line":56,"column":4},"end":{"line":56,"column":null}},"38":{"start":{"line":59,"column":22},"end":{"line":59,"column":null}},"39":{"start":{"line":60,"column":4},"end":{"line":60,"column":null}},"40":{"start":{"line":61,"column":4},"end":{"line":61,"column":null}},"41":{"start":{"line":64,"column":24},"end":{"line":68,"column":null}},"42":{"start":{"line":70,"column":21},"end":{"line":75,"column":null}},"43":{"start":{"line":76,"column":4},"end":{"line":76,"column":null}},"44":{"start":{"line":78,"column":22},"end":{"line":82,"column":null}},"45":{"start":{"line":84,"column":25},"end":{"line":89,"column":null}},"46":{"start":{"line":92,"column":22},"end":{"line":92,"column":null}},"47":{"start":{"line":93,"column":23},"end":{"line":93,"column":null}},"48":{"start":{"line":94,"column":4},"end":{"line":94,"column":null}},"49":{"start":{"line":95,"column":4},"end":{"line":95,"column":null}},"50":{"start":{"line":98,"column":24},"end":{"line":98,"column":null}},"51":{"start":{"line":99,"column":25},"end":{"line":99,"column":null}},"52":{"start":{"line":100,"column":4},"end":{"line":100,"column":null}},"53":{"start":{"line":101,"column":4},"end":{"line":101,"column":null}},"54":{"start":{"line":104,"column":21},"end":{"line":104,"column":null}},"55":{"start":{"line":105,"column":22},"end":{"line":105,"column":null}},"56":{"start":{"line":106,"column":4},"end":{"line":106,"column":null}},"57":{"start":{"line":107,"column":4},"end":{"line":107,"column":null}},"58":{"start":{"line":108,"column":4},"end":{"line":108,"column":null}},"59":{"start":{"line":111,"column":25},"end":{"line":111,"column":null}},"60":{"start":{"line":112,"column":4},"end":{"line":112,"column":null}},"61":{"start":{"line":113,"column":4},"end":{"line":113,"column":null}},"62":{"start":{"line":114,"column":4},"end":{"line":114,"column":null}},"63":{"start":{"line":116,"column":23},"end":{"line":116,"column":null}},"64":{"start":{"line":117,"column":24},"end":{"line":117,"column":null}},"65":{"start":{"line":118,"column":4},"end":{"line":118,"column":null}},"66":{"start":{"line":119,"column":4},"end":{"line":119,"column":null}},"67":{"start":{"line":122,"column":23},"end":{"line":122,"column":null}},"68":{"start":{"line":123,"column":4},"end":{"line":123,"column":null}},"69":{"start":{"line":124,"column":4},"end":{"line":124,"column":null}},"70":{"start":{"line":125,"column":4},"end":{"line":125,"column":null}},"71":{"start":{"line":127,"column":21},"end":{"line":127,"column":null}},"72":{"start":{"line":128,"column":22},"end":{"line":128,"column":null}},"73":{"start":{"line":129,"column":4},"end":{"line":129,"column":null}},"74":{"start":{"line":130,"column":4},"end":{"line":130,"column":null}},"75":{"start":{"line":133,"column":20},"end":{"line":133,"column":null}},"76":{"start":{"line":134,"column":21},"end":{"line":134,"column":null}},"77":{"start":{"line":135,"column":4},"end":{"line":135,"column":null}},"78":{"start":{"line":136,"column":4},"end":{"line":136,"column":null}},"79":{"start":{"line":139,"column":25},"end":{"line":139,"column":null}},"80":{"start":{"line":141,"column":26},"end":{"line":147,"column":null}},"81":{"start":{"line":149,"column":4},"end":{"line":189,"column":null}},"82":{"start":{"line":150,"column":23},"end":{"line":150,"column":null}},"83":{"start":{"line":151,"column":22},"end":{"line":151,"column":null}},"84":{"start":{"line":152,"column":22},"end":{"line":152,"column":null}},"85":{"start":{"line":155,"column":24},"end":{"line":155,"column":null}},"86":{"start":{"line":156,"column":6},"end":{"line":156,"column":null}},"87":{"start":{"line":157,"column":6},"end":{"line":157,"column":null}},"88":{"start":{"line":158,"column":6},"end":{"line":158,"column":null}},"89":{"start":{"line":161,"column":25},"end":{"line":161,"column":null}},"90":{"start":{"line":162,"column":26},"end":{"line":162,"column":null}},"91":{"start":{"line":163,"column":6},"end":{"line":163,"column":null}},"92":{"start":{"line":166,"column":26},"end":{"line":166,"column":null}},"93":{"start":{"line":167,"column":23},"end":{"line":167,"column":null}},"94":{"start":{"line":168,"column":6},"end":{"line":168,"column":null}},"95":{"start":{"line":169,"column":6},"end":{"line":169,"column":null}},"96":{"start":{"line":172,"column":24},"end":{"line":172,"column":null}},"97":{"start":{"line":173,"column":6},"end":{"line":173,"column":null}},"98":{"start":{"line":175,"column":25},"end":{"line":175,"column":null}},"99":{"start":{"line":176,"column":26},"end":{"line":176,"column":null}},"100":{"start":{"line":177,"column":6},"end":{"line":177,"column":null}},"101":{"start":{"line":180,"column":26},"end":{"line":180,"column":null}},"102":{"start":{"line":181,"column":23},"end":{"line":181,"column":null}},"103":{"start":{"line":182,"column":6},"end":{"line":182,"column":null}},"104":{"start":{"line":183,"column":6},"end":{"line":183,"column":null}},"105":{"start":{"line":185,"column":6},"end":{"line":185,"column":null}},"106":{"start":{"line":186,"column":6},"end":{"line":186,"column":null}},"107":{"start":{"line":188,"column":6},"end":{"line":188,"column":null}},"108":{"start":{"line":191,"column":4},"end":{"line":191,"column":null}},"109":{"start":{"line":195,"column":12},"end":{"line":195,"column":null}},"110":{"start":{"line":196,"column":10},"end":{"line":211,"column":null}},"111":{"start":{"line":197,"column":6},"end":{"line":197,"column":null}},"112":{"start":{"line":198,"column":6},"end":{"line":198,"column":null}},"113":{"start":{"line":200,"column":6},"end":{"line":202,"column":null}},"114":{"start":{"line":201,"column":8},"end":{"line":201,"column":null}},"115":{"start":{"line":205,"column":6},"end":{"line":208,"column":null}},"116":{"start":{"line":206,"column":8},"end":{"line":206,"column":null}},"117":{"start":{"line":207,"column":8},"end":{"line":207,"column":null}},"118":{"start":{"line":210,"column":6},"end":{"line":210,"column":null}},"119":{"start":{"line":212,"column":4},"end":{"line":212,"column":null}},"120":{"start":{"line":215,"column":27},"end":{"line":223,"column":null}},"121":{"start":{"line":216,"column":6},"end":{"line":222,"column":null}},"122":{"start":{"line":217,"column":18},"end":{"line":217,"column":null}},"123":{"start":{"line":218,"column":18},"end":{"line":218,"column":null}},"124":{"start":{"line":219,"column":8},"end":{"line":219,"column":null}},"125":{"start":{"line":220,"column":8},"end":{"line":220,"column":null}},"126":{"start":{"line":221,"column":8},"end":{"line":221,"column":null}},"127":{"start":{"line":225,"column":4},"end":{"line":225,"column":null}},"128":{"start":{"line":227,"column":4},"end":{"line":234,"column":null}},"129":{"start":{"line":228,"column":6},"end":{"line":228,"column":null}},"130":{"start":{"line":229,"column":6},"end":{"line":229,"column":null}},"131":{"start":{"line":230,"column":6},"end":{"line":232,"column":null}},"132":{"start":{"line":231,"column":8},"end":{"line":231,"column":null}},"133":{"start":{"line":233,"column":6},"end":{"line":233,"column":null}},"134":{"start":{"line":238,"column":2},"end":{"line":259,"column":null}},"135":{"start":{"line":239,"column":4},"end":{"line":248,"column":null}},"136":{"start":{"line":240,"column":6},"end":{"line":240,"column":null}},"137":{"start":{"line":240,"column":61},"end":{"line":240,"column":null}},"138":{"start":{"line":241,"column":12},"end":{"line":241,"column":null}},"139":{"start":{"line":244,"column":6},"end":{"line":244,"column":null}},"140":{"start":{"line":247,"column":6},"end":{"line":247,"column":null}},"141":{"start":{"line":250,"column":4},"end":{"line":252,"column":null}},"142":{"start":{"line":251,"column":6},"end":{"line":251,"column":null}},"143":{"start":{"line":253,"column":4},"end":{"line":255,"column":null}},"144":{"start":{"line":254,"column":6},"end":{"line":254,"column":null}},"145":{"start":{"line":256,"column":4},"end":{"line":258,"column":null}},"146":{"start":{"line":257,"column":6},"end":{"line":257,"column":null}},"147":{"start":{"line":261,"column":2},"end":{"line":273,"column":null}}},"fnMap":{"0":{"name":"Arm3DViewer","decl":{"start":{"line":4,"column":24},"end":{"line":4,"column":36}},"loc":{"start":{"line":4,"column":110},"end":{"line":275,"column":null}},"line":4},"1":{"name":"(anonymous_1)","decl":{"start":{"line":14,"column":2},"end":{"line":14,"column":18}},"loc":{"start":{"line":14,"column":18},"end":{"line":235,"column":5}},"line":14},"2":{"name":"(anonymous_2)","decl":{"start":{"line":149,"column":18},"end":{"line":149,"column":27}},"loc":{"start":{"line":149,"column":35},"end":{"line":189,"column":5}},"line":149},"3":{"name":"(anonymous_3)","decl":{"start":{"line":196,"column":10},"end":{"line":196,"column":26}},"loc":{"start":{"line":196,"column":26},"end":{"line":211,"column":null}},"line":196},"4":{"name":"(anonymous_4)","decl":{"start":{"line":215,"column":31},"end":{"line":215,"column":47}},"loc":{"start":{"line":215,"column":59},"end":{"line":223,"column":5}},"line":215},"5":{"name":"(anonymous_5)","decl":{"start":{"line":227,"column":4},"end":{"line":227,"column":17}},"loc":{"start":{"line":227,"column":17},"end":{"line":234,"column":null}},"line":227},"6":{"name":"(anonymous_6)","decl":{"start":{"line":238,"column":2},"end":{"line":238,"column":18}},"loc":{"start":{"line":238,"column":18},"end":{"line":259,"column":5}},"line":238},"7":{"name":"(anonymous_7)","decl":{"start":{"line":239,"column":28},"end":{"line":239,"column":37}},"loc":{"start":{"line":239,"column":51},"end":{"line":248,"column":5}},"line":239}},"branchMap":{"0":{"loc":{"start":{"line":4,"column":38},"end":{"line":4,"column":65}},"type":"default-arg","locations":[{"start":{"line":4,"column":48},"end":{"line":4,"column":65}}],"line":4},"1":{"loc":{"start":{"line":4,"column":65},"end":{"line":4,"column":77}},"type":"default-arg","locations":[{"start":{"line":4,"column":73},"end":{"line":4,"column":77}}],"line":4},"2":{"loc":{"start":{"line":4,"column":77},"end":{"line":4,"column":89}},"type":"default-arg","locations":[{"start":{"line":4,"column":85},"end":{"line":4,"column":89}}],"line":4},"3":{"loc":{"start":{"line":4,"column":89},"end":{"line":4,"column":110}},"type":"default-arg","locations":[{"start":{"line":4,"column":97},"end":{"line":4,"column":110}}],"line":4},"4":{"loc":{"start":{"line":16,"column":4},"end":{"line":16,"column":null}},"type":"if","locations":[{"start":{"line":16,"column":4},"end":{"line":16,"column":null}},{"start":{},"end":{}}],"line":16},"5":{"loc":{"start":{"line":18,"column":16},"end":{"line":18,"column":null}},"type":"binary-expr","locations":[{"start":{"line":18,"column":16},"end":{"line":18,"column":41}},{"start":{"line":18,"column":41},"end":{"line":18,"column":null}}],"line":18},"6":{"loc":{"start":{"line":19,"column":17},"end":{"line":19,"column":null}},"type":"binary-expr","locations":[{"start":{"line":19,"column":17},"end":{"line":19,"column":43}},{"start":{"line":19,"column":43},"end":{"line":19,"column":null}}],"line":19},"7":{"loc":{"start":{"line":200,"column":6},"end":{"line":202,"column":null}},"type":"if","locations":[{"start":{"line":200,"column":6},"end":{"line":202,"column":null}},{"start":{},"end":{}}],"line":200},"8":{"loc":{"start":{"line":205,"column":6},"end":{"line":208,"column":null}},"type":"if","locations":[{"start":{"line":205,"column":6},"end":{"line":208,"column":null}},{"start":{},"end":{}}],"line":205},"9":{"loc":{"start":{"line":217,"column":18},"end":{"line":217,"column":null}},"type":"binary-expr","locations":[{"start":{"line":217,"column":18},"end":{"line":217,"column":45}},{"start":{"line":217,"column":45},"end":{"line":217,"column":null}}],"line":217},"10":{"loc":{"start":{"line":218,"column":18},"end":{"line":218,"column":null}},"type":"binary-expr","locations":[{"start":{"line":218,"column":18},"end":{"line":218,"column":46}},{"start":{"line":218,"column":46},"end":{"line":218,"column":null}}],"line":218},"11":{"loc":{"start":{"line":230,"column":6},"end":{"line":232,"column":null}},"type":"if","locations":[{"start":{"line":230,"column":6},"end":{"line":232,"column":null}},{"start":{},"end":{}}],"line":230},"12":{"loc":{"start":{"line":230,"column":10},"end":{"line":230,"column":44}},"type":"binary-expr","locations":[{"start":{"line":230,"column":10},"end":{"line":230,"column":23}},{"start":{"line":230,"column":23},"end":{"line":230,"column":44}}],"line":230},"13":{"loc":{"start":{"line":240,"column":6},"end":{"line":240,"column":null}},"type":"if","locations":[{"start":{"line":240,"column":6},"end":{"line":240,"column":null}},{"start":{},"end":{}}],"line":240},"14":{"loc":{"start":{"line":240,"column":10},"end":{"line":240,"column":61}},"type":"binary-expr","locations":[{"start":{"line":240,"column":10},"end":{"line":240,"column":21}},{"start":{"line":240,"column":21},"end":{"line":240,"column":42}},{"start":{"line":240,"column":42},"end":{"line":240,"column":61}}],"line":240},"15":{"loc":{"start":{"line":241,"column":25},"end":{"line":241,"column":44}},"type":"binary-expr","locations":[{"start":{"line":241,"column":25},"end":{"line":241,"column":39}},{"start":{"line":241,"column":39},"end":{"line":241,"column":44}}],"line":241},"16":{"loc":{"start":{"line":250,"column":4},"end":{"line":252,"column":null}},"type":"if","locations":[{"start":{"line":250,"column":4},"end":{"line":252,"column":null}},{"start":{},"end":{}}],"line":250},"17":{"loc":{"start":{"line":253,"column":4},"end":{"line":255,"column":null}},"type":"if","locations":[{"start":{"line":253,"column":4},"end":{"line":255,"column":null}},{"start":{},"end":{}}],"line":253},"18":{"loc":{"start":{"line":256,"column":4},"end":{"line":258,"column":null}},"type":"if","locations":[{"start":{"line":256,"column":4},"end":{"line":258,"column":null}},{"start":{},"end":{}}],"line":256},"19":{"loc":{"start":{"line":256,"column":8},"end":{"line":256,"column":38}},"type":"binary-expr","locations":[{"start":{"line":256,"column":8},"end":{"line":256,"column":31}},{"start":{"line":256,"column":31},"end":{"line":256,"column":38}}],"line":256}},"s":{"0":40,"1":40,"2":40,"3":40,"4":40,"5":40,"6":40,"7":40,"8":40,"9":12,"10":12,"11":0,"12":12,"13":12,"14":12,"15":12,"16":12,"17":12,"18":12,"19":12,"20":12,"21":12,"22":12,"23":12,"24":12,"25":12,"26":12,"27":12,"28":12,"29":12,"30":12,"31":12,"32":12,"33":12,"34":12,"35":12,"36":12,"37":12,"38":12,"39":12,"40":12,"41":12,"42":12,"43":12,"44":12,"45":12,"46":12,"47":12,"48":12,"49":12,"50":12,"51":12,"52":12,"53":12,"54":12,"55":12,"56":12,"57":12,"58":12,"59":12,"60":12,"61":12,"62":12,"63":12,"64":12,"65":12,"66":12,"67":12,"68":12,"69":12,"70":12,"71":12,"72":12,"73":12,"74":12,"75":12,"76":12,"77":12,"78":12,"79":12,"80":12,"81":12,"82":60,"83":60,"84":60,"85":60,"86":60,"87":60,"88":60,"89":60,"90":60,"91":60,"92":60,"93":60,"94":60,"95":60,"96":60,"97":60,"98":60,"99":60,"100":60,"101":60,"102":60,"103":60,"104":60,"105":60,"106":60,"107":60,"108":12,"109":12,"110":12,"111":12,"112":12,"113":12,"114":12,"115":12,"116":12,"117":12,"118":12,"119":12,"120":12,"121":0,"122":0,"123":0,"124":0,"125":0,"126":0,"127":12,"128":12,"129":12,"130":12,"131":12,"132":12,"133":12,"134":40,"135":31,"136":155,"137":0,"138":155,"139":155,"140":155,"141":31,"142":31,"143":31,"144":31,"145":31,"146":31,"147":40},"f":{"0":40,"1":12,"2":60,"3":12,"4":0,"5":12,"6":31,"7":155},"b":{"0":[40],"1":[40],"2":[40],"3":[40],"4":[0,12],"5":[12,12],"6":[12,12],"7":[12,0],"8":[12,0],"9":[0,0],"10":[0,0],"11":[12,0],"12":[12,12],"13":[0,155],"14":[155,155,155],"15":[155,145],"16":[31,0],"17":[31,0],"18":[31,0],"19":[31,31]},"meta":{"lastBranch":20,"lastFunction":8,"lastStatement":148,"seen":{"f:4:24:4:36":0,"b:4:48:4:65":0,"b:4:73:4:77":1,"b:4:85:4:89":2,"b:4:97:4:110":3,"s:5:19:5:Infinity":0,"s:6:19:6:Infinity":1,"s:7:22:7:Infinity":2,"s:8:26:8:Infinity":3,"s:9:24:9:Infinity":4,"s:10:26:10:Infinity":5,"s:11:23:11:Infinity":6,"s:12:22:12:Infinity":7,"s:14:2:235:Infinity":8,"f:14:2:14:18":1,"s:15:22:15:Infinity":9,"b:16:4:16:Infinity:undefined:undefined:undefined:undefined":4,"s:16:4:16:Infinity":10,"s:16:20:16:Infinity":11,"s:18:16:18:Infinity":12,"b:18:16:18:41:18:41:18:Infinity":5,"s:19:17:19:Infinity":13,"b:19:17:19:43:19:43:19:Infinity":6,"s:22:18:22:Infinity":14,"s:23:4:23:Infinity":15,"s:24:4:24:Infinity":16,"s:27:19:27:Infinity":17,"s:28:4:28:Infinity":18,"s:29:4:29:Infinity":19,"s:31:21:31:Infinity":20,"s:32:4:32:Infinity":21,"s:33:4:33:Infinity":22,"s:35:4:35:Infinity":23,"s:38:25:38:Infinity":24,"s:39:4:39:Infinity":25,"s:41:21:41:Infinity":26,"s:42:4:42:Infinity":27,"s:43:4:43:Infinity":28,"s:45:22:45:Infinity":29,"s:46:4:46:Infinity":30,"s:47:4:47:Infinity":31,"s:49:21:49:Infinity":32,"s:50:4:50:Infinity":33,"s:51:4:51:Infinity":34,"s:54:23:54:Infinity":35,"s:55:4:55:Infinity":36,"s:56:4:56:Infinity":37,"s:59:22:59:Infinity":38,"s:60:4:60:Infinity":39,"s:61:4:61:Infinity":40,"s:64:24:68:Infinity":41,"s:70:21:75:Infinity":42,"s:76:4:76:Infinity":43,"s:78:22:82:Infinity":44,"s:84:25:89:Infinity":45,"s:92:22:92:Infinity":46,"s:93:23:93:Infinity":47,"s:94:4:94:Infinity":48,"s:95:4:95:Infinity":49,"s:98:24:98:Infinity":50,"s:99:25:99:Infinity":51,"s:100:4:100:Infinity":52,"s:101:4:101:Infinity":53,"s:104:21:104:Infinity":54,"s:105:22:105:Infinity":55,"s:106:4:106:Infinity":56,"s:107:4:107:Infinity":57,"s:108:4:108:Infinity":58,"s:111:25:111:Infinity":59,"s:112:4:112:Infinity":60,"s:113:4:113:Infinity":61,"s:114:4:114:Infinity":62,"s:116:23:116:Infinity":63,"s:117:24:117:Infinity":64,"s:118:4:118:Infinity":65,"s:119:4:119:Infinity":66,"s:122:23:122:Infinity":67,"s:123:4:123:Infinity":68,"s:124:4:124:Infinity":69,"s:125:4:125:Infinity":70,"s:127:21:127:Infinity":71,"s:128:22:128:Infinity":72,"s:129:4:129:Infinity":73,"s:130:4:130:Infinity":74,"s:133:20:133:Infinity":75,"s:134:21:134:Infinity":76,"s:135:4:135:Infinity":77,"s:136:4:136:Infinity":78,"s:139:25:139:Infinity":79,"s:141:26:147:Infinity":80,"s:149:4:189:Infinity":81,"f:149:18:149:27":2,"s:150:23:150:Infinity":82,"s:151:22:151:Infinity":83,"s:152:22:152:Infinity":84,"s:155:24:155:Infinity":85,"s:156:6:156:Infinity":86,"s:157:6:157:Infinity":87,"s:158:6:158:Infinity":88,"s:161:25:161:Infinity":89,"s:162:26:162:Infinity":90,"s:163:6:163:Infinity":91,"s:166:26:166:Infinity":92,"s:167:23:167:Infinity":93,"s:168:6:168:Infinity":94,"s:169:6:169:Infinity":95,"s:172:24:172:Infinity":96,"s:173:6:173:Infinity":97,"s:175:25:175:Infinity":98,"s:176:26:176:Infinity":99,"s:177:6:177:Infinity":100,"s:180:26:180:Infinity":101,"s:181:23:181:Infinity":102,"s:182:6:182:Infinity":103,"s:183:6:183:Infinity":104,"s:185:6:185:Infinity":105,"s:186:6:186:Infinity":106,"s:188:6:188:Infinity":107,"s:191:4:191:Infinity":108,"s:195:12:195:Infinity":109,"s:196:10:211:Infinity":110,"f:196:10:196:26":3,"s:197:6:197:Infinity":111,"s:198:6:198:Infinity":112,"b:200:6:202:Infinity:undefined:undefined:undefined:undefined":7,"s:200:6:202:Infinity":113,"s:201:8:201:Infinity":114,"b:205:6:208:Infinity:undefined:undefined:undefined:undefined":8,"s:205:6:208:Infinity":115,"s:206:8:206:Infinity":116,"s:207:8:207:Infinity":117,"s:210:6:210:Infinity":118,"s:212:4:212:Infinity":119,"s:215:27:223:Infinity":120,"f:215:31:215:47":4,"s:216:6:222:Infinity":121,"s:217:18:217:Infinity":122,"b:217:18:217:45:217:45:217:Infinity":9,"s:218:18:218:Infinity":123,"b:218:18:218:46:218:46:218:Infinity":10,"s:219:8:219:Infinity":124,"s:220:8:220:Infinity":125,"s:221:8:221:Infinity":126,"s:225:4:225:Infinity":127,"s:227:4:234:Infinity":128,"f:227:4:227:17":5,"s:228:6:228:Infinity":129,"s:229:6:229:Infinity":130,"b:230:6:232:Infinity:undefined:undefined:undefined:undefined":11,"s:230:6:232:Infinity":131,"b:230:10:230:23:230:23:230:44":12,"s:231:8:231:Infinity":132,"s:233:6:233:Infinity":133,"s:238:2:259:Infinity":134,"f:238:2:238:18":6,"s:239:4:248:Infinity":135,"f:239:28:239:37":7,"b:240:6:240:Infinity:undefined:undefined:undefined:undefined":13,"s:240:6:240:Infinity":136,"b:240:10:240:21:240:21:240:42:240:42:240:61":14,"s:240:61:240:Infinity":137,"s:241:12:241:Infinity":138,"b:241:25:241:39:241:39:241:44":15,"s:244:6:244:Infinity":139,"s:247:6:247:Infinity":140,"b:250:4:252:Infinity:undefined:undefined:undefined:undefined":16,"s:250:4:252:Infinity":141,"s:251:6:251:Infinity":142,"b:253:4:255:Infinity:undefined:undefined:undefined:undefined":17,"s:253:4:255:Infinity":143,"s:254:6:254:Infinity":144,"b:256:4:258:Infinity:undefined:undefined:undefined:undefined":18,"s:256:4:258:Infinity":145,"b:256:8:256:31:256:31:256:38":19,"s:257:6:257:Infinity":146,"s:261:2:273:Infinity":147},"fnNames":{}}}
,"C:\\Users\\karth\\Downloads\\project files\\dashboard\\src\\utils\\audioTelemetryEngine.js": {"path":"C:\\Users\\karth\\Downloads\\project files\\dashboard\\src\\utils\\audioTelemetryEngine.js","statementMap":{"0":{"start":{"line":10,"column":4},"end":{"line":10,"column":null}},"1":{"start":{"line":11,"column":4},"end":{"line":11,"column":null}},"2":{"start":{"line":12,"column":4},"end":{"line":12,"column":null}},"3":{"start":{"line":13,"column":4},"end":{"line":13,"column":null}},"4":{"start":{"line":17,"column":4},"end":{"line":17,"column":null}},"5":{"start":{"line":17,"column":38},"end":{"line":17,"column":null}},"6":{"start":{"line":19,"column":16},"end":{"line":19,"column":null}},"7":{"start":{"line":21,"column":4},"end":{"line":23,"column":null}},"8":{"start":{"line":22,"column":6},"end":{"line":22,"column":null}},"9":{"start":{"line":25,"column":4},"end":{"line":25,"column":null}},"10":{"start":{"line":26,"column":4},"end":{"line":26,"column":null}},"11":{"start":{"line":28,"column":4},"end":{"line":30,"column":null}},"12":{"start":{"line":29,"column":6},"end":{"line":29,"column":null}},"13":{"start":{"line":32,"column":22},"end":{"line":32,"column":null}},"14":{"start":{"line":33,"column":4},"end":{"line":33,"column":null}},"15":{"start":{"line":34,"column":4},"end":{"line":34,"column":null}},"16":{"start":{"line":35,"column":4},"end":{"line":35,"column":null}},"17":{"start":{"line":38,"column":19},"end":{"line":38,"column":null}},"18":{"start":{"line":39,"column":25},"end":{"line":39,"column":null}},"19":{"start":{"line":39,"column":44},"end":{"line":39,"column":67}},"20":{"start":{"line":40,"column":4},"end":{"line":42,"column":null}},"21":{"start":{"line":41,"column":6},"end":{"line":41,"column":null}},"22":{"start":{"line":44,"column":4},"end":{"line":44,"column":null}},"23":{"start":{"line":45,"column":4},"end":{"line":45,"column":null}},"24":{"start":{"line":49,"column":4},"end":{"line":49,"column":null}},"25":{"start":{"line":53,"column":4},"end":{"line":53,"column":null}},"26":{"start":{"line":57,"column":4},"end":{"line":57,"column":null}},"27":{"start":{"line":61,"column":4},"end":{"line":61,"column":null}},"28":{"start":{"line":65,"column":30},"end":{"line":65,"column":null}}},"fnMap":{"0":{"name":"constructor","decl":{"start":{"line":9,"column":2},"end":{"line":9,"column":16}},"loc":{"start":{"line":9,"column":16},"end":{"line":14,"column":null}},"line":9},"1":{"name":"speak","decl":{"start":{"line":16,"column":2},"end":{"line":16,"column":8}},"loc":{"start":{"line":16,"column":32},"end":{"line":46,"column":null}},"line":16},"2":{"name":"(anonymous_2)","decl":{"start":{"line":39,"column":32},"end":{"line":39,"column":38}},"loc":{"start":{"line":39,"column":44},"end":{"line":39,"column":67}},"line":39},"3":{"name":"speakPressureAlert","decl":{"start":{"line":48,"column":2},"end":{"line":48,"column":21}},"loc":{"start":{"line":48,"column":26},"end":{"line":50,"column":null}},"line":48},"4":{"name":"speakCortisolCap","decl":{"start":{"line":52,"column":2},"end":{"line":52,"column":19}},"loc":{"start":{"line":52,"column":40},"end":{"line":54,"column":null}},"line":52},"5":{"name":"speakGesture","decl":{"start":{"line":56,"column":2},"end":{"line":56,"column":15}},"loc":{"start":{"line":56,"column":28},"end":{"line":58,"column":null}},"line":56},"6":{"name":"speakRestCycle","decl":{"start":{"line":60,"column":2},"end":{"line":60,"column":19}},"loc":{"start":{"line":60,"column":19},"end":{"line":62,"column":null}},"line":60}},"branchMap":{"0":{"loc":{"start":{"line":10,"column":17},"end":{"line":10,"column":null}},"type":"binary-expr","locations":[{"start":{"line":10,"column":17},"end":{"line":10,"column":43}},{"start":{"line":10,"column":43},"end":{"line":10,"column":null}}],"line":10},"1":{"loc":{"start":{"line":16,"column":14},"end":{"line":16,"column":32}},"type":"default-arg","locations":[{"start":{"line":16,"column":25},"end":{"line":16,"column":32}}],"line":16},"2":{"loc":{"start":{"line":17,"column":4},"end":{"line":17,"column":null}},"type":"if","locations":[{"start":{"line":17,"column":4},"end":{"line":17,"column":null}},{"start":{},"end":{}}],"line":17},"3":{"loc":{"start":{"line":17,"column":8},"end":{"line":17,"column":38}},"type":"binary-expr","locations":[{"start":{"line":17,"column":8},"end":{"line":17,"column":23}},{"start":{"line":17,"column":23},"end":{"line":17,"column":38}}],"line":17},"4":{"loc":{"start":{"line":21,"column":4},"end":{"line":23,"column":null}},"type":"if","locations":[{"start":{"line":21,"column":4},"end":{"line":23,"column":null}},{"start":{},"end":{}}],"line":21},"5":{"loc":{"start":{"line":21,"column":8},"end":{"line":21,"column":87}},"type":"binary-expr","locations":[{"start":{"line":21,"column":8},"end":{"line":21,"column":21}},{"start":{"line":21,"column":21},"end":{"line":21,"column":53}},{"start":{"line":21,"column":53},"end":{"line":21,"column":87}}],"line":21},"6":{"loc":{"start":{"line":28,"column":4},"end":{"line":30,"column":null}},"type":"if","locations":[{"start":{"line":28,"column":4},"end":{"line":30,"column":null}},{"start":{},"end":{}}],"line":28},"7":{"loc":{"start":{"line":40,"column":4},"end":{"line":42,"column":null}},"type":"if","locations":[{"start":{"line":40,"column":4},"end":{"line":42,"column":null}},{"start":{},"end":{}}],"line":40}},"s":{"0":4,"1":4,"2":4,"3":4,"4":8,"5":1,"6":7,"7":7,"8":1,"9":6,"10":6,"11":6,"12":3,"13":6,"14":6,"15":6,"16":6,"17":6,"18":6,"19":6,"20":6,"21":6,"22":6,"23":6,"24":1,"25":1,"26":1,"27":1,"28":1},"f":{"0":4,"1":8,"2":6,"3":1,"4":1,"5":1,"6":1},"b":{"0":[4,1],"1":[8],"2":[1,7],"3":[8,8],"4":[1,6],"5":[7,4,1],"6":[3,3],"7":[6,0]},"meta":{"lastBranch":8,"lastFunction":7,"lastStatement":29,"seen":{"f:9:2:9:16":0,"s:10:4:10:Infinity":0,"b:10:17:10:43:10:43:10:Infinity":0,"s:11:4:11:Infinity":1,"s:12:4:12:Infinity":2,"s:13:4:13:Infinity":3,"f:16:2:16:8":1,"b:16:25:16:32":1,"b:17:4:17:Infinity:undefined:undefined:undefined:undefined":2,"s:17:4:17:Infinity":4,"b:17:8:17:23:17:23:17:38":3,"s:17:38:17:Infinity":5,"s:19:16:19:Infinity":6,"b:21:4:23:Infinity:undefined:undefined:undefined:undefined":4,"s:21:4:23:Infinity":7,"b:21:8:21:21:21:21:21:53:21:53:21:87":5,"s:22:6:22:Infinity":8,"s:25:4:25:Infinity":9,"s:26:4:26:Infinity":10,"b:28:4:30:Infinity:undefined:undefined:undefined:undefined":6,"s:28:4:30:Infinity":11,"s:29:6:29:Infinity":12,"s:32:22:32:Infinity":13,"s:33:4:33:Infinity":14,"s:34:4:34:Infinity":15,"s:35:4:35:Infinity":16,"s:38:19:38:Infinity":17,"s:39:25:39:Infinity":18,"f:39:32:39:38":2,"s:39:44:39:67":19,"b:40:4:42:Infinity:undefined:undefined:undefined:undefined":7,"s:40:4:42:Infinity":20,"s:41:6:41:Infinity":21,"s:44:4:44:Infinity":22,"s:45:4:45:Infinity":23,"f:48:2:48:21":3,"s:49:4:49:Infinity":24,"f:52:2:52:19":4,"s:53:4:53:Infinity":25,"f:56:2:56:15":5,"s:57:4:57:Infinity":26,"f:60:2:60:19":6,"s:61:4:61:Infinity":27,"s:65:30:65:Infinity":28},"fnNames":{}}}
,"C:\\Users\\karth\\Downloads\\project files\\dashboard\\src\\utils\\voiceCommandEngine.js": {"path":"C:\\Users\\karth\\Downloads\\project files\\dashboard\\src\\utils\\voiceCommandEngine.js","statementMap":{"0":{"start":{"line":10,"column":4},"end":{"line":10,"column":null}},"1":{"start":{"line":11,"column":4},"end":{"line":11,"column":null}},"2":{"start":{"line":12,"column":4},"end":{"line":12,"column":null}},"3":{"start":{"line":13,"column":4},"end":{"line":13,"column":null}},"4":{"start":{"line":17,"column":30},"end":{"line":17,"column":null}},"5":{"start":{"line":18,"column":4},"end":{"line":21,"column":null}},"6":{"start":{"line":19,"column":6},"end":{"line":19,"column":null}},"7":{"start":{"line":20,"column":6},"end":{"line":20,"column":null}},"8":{"start":{"line":23,"column":4},"end":{"line":23,"column":null}},"9":{"start":{"line":24,"column":4},"end":{"line":24,"column":null}},"10":{"start":{"line":25,"column":4},"end":{"line":25,"column":null}},"11":{"start":{"line":26,"column":4},"end":{"line":26,"column":null}},"12":{"start":{"line":28,"column":4},"end":{"line":44,"column":null}},"13":{"start":{"line":29,"column":24},"end":{"line":29,"column":null}},"14":{"start":{"line":30,"column":25},"end":{"line":30,"column":null}},"15":{"start":{"line":31,"column":25},"end":{"line":31,"column":null}},"16":{"start":{"line":33,"column":6},"end":{"line":33,"column":null}},"17":{"start":{"line":35,"column":6},"end":{"line":43,"column":null}},"18":{"start":{"line":36,"column":8},"end":{"line":36,"column":null}},"19":{"start":{"line":37,"column":13},"end":{"line":43,"column":null}},"20":{"start":{"line":38,"column":8},"end":{"line":38,"column":null}},"21":{"start":{"line":39,"column":13},"end":{"line":43,"column":null}},"22":{"start":{"line":40,"column":8},"end":{"line":40,"column":null}},"23":{"start":{"line":41,"column":13},"end":{"line":43,"column":null}},"24":{"start":{"line":42,"column":8},"end":{"line":42,"column":null}},"25":{"start":{"line":46,"column":4},"end":{"line":48,"column":null}},"26":{"start":{"line":47,"column":6},"end":{"line":47,"column":null}},"27":{"start":{"line":50,"column":4},"end":{"line":58,"column":null}},"28":{"start":{"line":51,"column":6},"end":{"line":57,"column":null}},"29":{"start":{"line":52,"column":8},"end":{"line":56,"column":null}},"30":{"start":{"line":53,"column":10},"end":{"line":53,"column":null}},"31":{"start":{"line":55,"column":10},"end":{"line":55,"column":null}},"32":{"start":{"line":62,"column":4},"end":{"line":70,"column":null}},"33":{"start":{"line":63,"column":6},"end":{"line":63,"column":null}},"34":{"start":{"line":64,"column":6},"end":{"line":69,"column":null}},"35":{"start":{"line":65,"column":8},"end":{"line":65,"column":null}},"36":{"start":{"line":66,"column":8},"end":{"line":66,"column":null}},"37":{"start":{"line":68,"column":8},"end":{"line":68,"column":null}},"38":{"start":{"line":74,"column":4},"end":{"line":82,"column":null}},"39":{"start":{"line":75,"column":6},"end":{"line":75,"column":null}},"40":{"start":{"line":76,"column":6},"end":{"line":81,"column":null}},"41":{"start":{"line":77,"column":8},"end":{"line":77,"column":null}},"42":{"start":{"line":78,"column":8},"end":{"line":78,"column":null}},"43":{"start":{"line":80,"column":8},"end":{"line":80,"column":null}}},"fnMap":{"0":{"name":"constructor","decl":{"start":{"line":9,"column":2},"end":{"line":9,"column":14}},"loc":{"start":{"line":9,"column":35},"end":{"line":14,"column":null}},"line":9},"1":{"name":"initRecognition","decl":{"start":{"line":16,"column":2},"end":{"line":16,"column":20}},"loc":{"start":{"line":16,"column":20},"end":{"line":59,"column":null}},"line":16},"2":{"name":"(anonymous_2)","decl":{"start":{"line":28,"column":21},"end":{"line":28,"column":33}},"loc":{"start":{"line":28,"column":43},"end":{"line":44,"column":null}},"line":28},"3":{"name":"(anonymous_3)","decl":{"start":{"line":46,"column":21},"end":{"line":46,"column":32}},"loc":{"start":{"line":46,"column":40},"end":{"line":48,"column":null}},"line":46},"4":{"name":"(anonymous_4)","decl":{"start":{"line":50,"column":21},"end":{"line":50,"column":35}},"loc":{"start":{"line":50,"column":35},"end":{"line":58,"column":null}},"line":50},"5":{"name":"start","decl":{"start":{"line":61,"column":2},"end":{"line":61,"column":10}},"loc":{"start":{"line":61,"column":10},"end":{"line":71,"column":null}},"line":61},"6":{"name":"stop","decl":{"start":{"line":73,"column":2},"end":{"line":73,"column":9}},"loc":{"start":{"line":73,"column":9},"end":{"line":83,"column":null}},"line":73}},"branchMap":{"0":{"loc":{"start":{"line":17,"column":30},"end":{"line":17,"column":null}},"type":"binary-expr","locations":[{"start":{"line":17,"column":30},"end":{"line":17,"column":58}},{"start":{"line":17,"column":58},"end":{"line":17,"column":null}}],"line":17},"1":{"loc":{"start":{"line":18,"column":4},"end":{"line":21,"column":null}},"type":"if","locations":[{"start":{"line":18,"column":4},"end":{"line":21,"column":null}},{"start":{},"end":{}}],"line":18},"2":{"loc":{"start":{"line":35,"column":6},"end":{"line":43,"column":null}},"type":"if","locations":[{"start":{"line":35,"column":6},"end":{"line":43,"column":null}},{"start":{"line":37,"column":13},"end":{"line":43,"column":null}}],"line":35},"3":{"loc":{"start":{"line":35,"column":10},"end":{"line":35,"column":73}},"type":"binary-expr","locations":[{"start":{"line":35,"column":10},"end":{"line":35,"column":41}},{"start":{"line":35,"column":41},"end":{"line":35,"column":73}}],"line":35},"4":{"loc":{"start":{"line":37,"column":13},"end":{"line":43,"column":null}},"type":"if","locations":[{"start":{"line":37,"column":13},"end":{"line":43,"column":null}},{"start":{"line":39,"column":13},"end":{"line":43,"column":null}}],"line":37},"5":{"loc":{"start":{"line":37,"column":17},"end":{"line":37,"column":78}},"type":"binary-expr","locations":[{"start":{"line":37,"column":17},"end":{"line":37,"column":48}},{"start":{"line":37,"column":48},"end":{"line":37,"column":78}}],"line":37},"6":{"loc":{"start":{"line":39,"column":13},"end":{"line":43,"column":null}},"type":"if","locations":[{"start":{"line":39,"column":13},"end":{"line":43,"column":null}},{"start":{"line":41,"column":13},"end":{"line":43,"column":null}}],"line":39},"7":{"loc":{"start":{"line":39,"column":17},"end":{"line":39,"column":79}},"type":"binary-expr","locations":[{"start":{"line":39,"column":17},"end":{"line":39,"column":48}},{"start":{"line":39,"column":48},"end":{"line":39,"column":79}}],"line":39},"8":{"loc":{"start":{"line":41,"column":13},"end":{"line":43,"column":null}},"type":"if","locations":[{"start":{"line":41,"column":13},"end":{"line":43,"column":null}},{"start":{},"end":{}}],"line":41},"9":{"loc":{"start":{"line":51,"column":6},"end":{"line":57,"column":null}},"type":"if","locations":[{"start":{"line":51,"column":6},"end":{"line":57,"column":null}},{"start":{},"end":{}}],"line":51},"10":{"loc":{"start":{"line":62,"column":4},"end":{"line":70,"column":null}},"type":"if","locations":[{"start":{"line":62,"column":4},"end":{"line":70,"column":null}},{"start":{},"end":{}}],"line":62},"11":{"loc":{"start":{"line":62,"column":8},"end":{"line":62,"column":47}},"type":"binary-expr","locations":[{"start":{"line":62,"column":8},"end":{"line":62,"column":28}},{"start":{"line":62,"column":28},"end":{"line":62,"column":47}}],"line":62},"12":{"loc":{"start":{"line":74,"column":4},"end":{"line":82,"column":null}},"type":"if","locations":[{"start":{"line":74,"column":4},"end":{"line":82,"column":null}},{"start":{},"end":{}}],"line":74},"13":{"loc":{"start":{"line":74,"column":8},"end":{"line":74,"column":46}},"type":"binary-expr","locations":[{"start":{"line":74,"column":8},"end":{"line":74,"column":28}},{"start":{"line":74,"column":28},"end":{"line":74,"column":46}}],"line":74}},"s":{"0":9,"1":9,"2":9,"3":9,"4":9,"5":9,"6":1,"7":1,"8":8,"9":8,"10":8,"11":8,"12":8,"13":5,"14":5,"15":5,"16":5,"17":5,"18":1,"19":4,"20":1,"21":3,"22":1,"23":2,"24":1,"25":8,"26":1,"27":8,"28":3,"29":1,"30":1,"31":0,"32":3,"33":2,"34":2,"35":2,"36":2,"37":0,"38":10,"39":2,"40":2,"41":2,"42":2,"43":0},"f":{"0":9,"1":9,"2":5,"3":1,"4":3,"5":3,"6":10},"b":{"0":[9,1],"1":[1,8],"2":[1,4],"3":[5,4],"4":[1,3],"5":[4,3],"6":[1,2],"7":[3,2],"8":[1,1],"9":[1,2],"10":[2,1],"11":[3,2],"12":[2,8],"13":[10,9]},"meta":{"lastBranch":14,"lastFunction":7,"lastStatement":44,"seen":{"f:9:2:9:14":0,"s:10:4:10:Infinity":0,"s:11:4:11:Infinity":1,"s:12:4:12:Infinity":2,"s:13:4:13:Infinity":3,"f:16:2:16:20":1,"s:17:30:17:Infinity":4,"b:17:30:17:58:17:58:17:Infinity":0,"b:18:4:21:Infinity:undefined:undefined:undefined:undefined":1,"s:18:4:21:Infinity":5,"s:19:6:19:Infinity":6,"s:20:6:20:Infinity":7,"s:23:4:23:Infinity":8,"s:24:4:24:Infinity":9,"s:25:4:25:Infinity":10,"s:26:4:26:Infinity":11,"s:28:4:44:Infinity":12,"f:28:21:28:33":2,"s:29:24:29:Infinity":13,"s:30:25:30:Infinity":14,"s:31:25:31:Infinity":15,"s:33:6:33:Infinity":16,"b:35:6:43:Infinity:37:13:43:Infinity":2,"s:35:6:43:Infinity":17,"b:35:10:35:41:35:41:35:73":3,"s:36:8:36:Infinity":18,"b:37:13:43:Infinity:39:13:43:Infinity":4,"s:37:13:43:Infinity":19,"b:37:17:37:48:37:48:37:78":5,"s:38:8:38:Infinity":20,"b:39:13:43:Infinity:41:13:43:Infinity":6,"s:39:13:43:Infinity":21,"b:39:17:39:48:39:48:39:79":7,"s:40:8:40:Infinity":22,"b:41:13:43:Infinity:undefined:undefined:undefined:undefined":8,"s:41:13:43:Infinity":23,"s:42:8:42:Infinity":24,"s:46:4:48:Infinity":25,"f:46:21:46:32":3,"s:47:6:47:Infinity":26,"s:50:4:58:Infinity":27,"f:50:21:50:35":4,"b:51:6:57:Infinity:undefined:undefined:undefined:undefined":9,"s:51:6:57:Infinity":28,"s:52:8:56:Infinity":29,"s:53:10:53:Infinity":30,"s:55:10:55:Infinity":31,"f:61:2:61:10":5,"b:62:4:70:Infinity:undefined:undefined:undefined:undefined":10,"s:62:4:70:Infinity":32,"b:62:8:62:28:62:28:62:47":11,"s:63:6:63:Infinity":33,"s:64:6:69:Infinity":34,"s:65:8:65:Infinity":35,"s:66:8:66:Infinity":36,"s:68:8:68:Infinity":37,"f:73:2:73:9":6,"b:74:4:82:Infinity:undefined:undefined:undefined:undefined":12,"s:74:4:82:Infinity":38,"b:74:8:74:28:74:28:74:46":13,"s:75:6:75:Infinity":39,"s:76:6:81:Infinity":40,"s:77:8:77:Infinity":41,"s:78:8:78:Infinity":42,"s:80:8:80:Infinity":43},"fnNames":{}}}
}
